----------

Wed May 05 2021 19:38:37 GMT+0200 (Central European Summer Time)

fatal: not a git repository (or any of the parent directories): .git


----------

Wed May 05 2021 19:38:37 GMT+0200 (Central European Summer Time)

fatal: not a git repository (or any of the parent directories): .git


----------

Wed May 05 2021 19:38:37 GMT+0200 (Central European Summer Time)

fatal: not a git repository (or any of the parent directories): .git


----------

Wed May 05 2021 19:39:55 GMT+0200 (Central European Summer Time)

fatal: not a git repository (or any of the parent directories): .git


----------

Wed May 05 2021 19:39:55 GMT+0200 (Central European Summer Time)

fatal: not a git repository (or any of the parent directories): .git


----------

Wed May 05 2021 19:39:55 GMT+0200 (Central European Summer Time)

fatal: not a git repository (or any of the parent directories): .git


----------

Wed May 05 2021 19:42:03 GMT+0200 (Central European Summer Time)

fatal: not a git repository (or any of the parent directories): .git


----------

Wed May 05 2021 19:42:03 GMT+0200 (Central European Summer Time)

fatal: not a git repository (or any of the parent directories): .git


----------

Wed May 05 2021 19:42:03 GMT+0200 (Central European Summer Time)

fatal: not a git repository (or any of the parent directories): .git


----------

Wed May 05 2021 19:49:05 GMT+0200 (Central European Summer Time)

warning: LF will be replaced by CRLF in index.html.
The file will have its original line endings in your working directory


----------

Wed May 05 2021 19:49:05 GMT+0200 (Central European Summer Time)

warning: LF will be replaced by CRLF in assets/bootstrap/css/bootstrap.min.css.
The file will have its original line endings in your working directory


----------

Wed May 05 2021 19:49:05 GMT+0200 (Central European Summer Time)

warning: LF will be replaced by CRLF in assets/bootstrap/js/bootstrap.min.js.
The file will have its original line endings in your working directory


----------

Wed May 05 2021 19:49:05 GMT+0200 (Central European Summer Time)

warning: LF will be replaced by CRLF in assets/fonts/Simple-Line-Icons.svg.
The file will have its original line endings in your working directory


----------

Wed May 05 2021 19:49:05 GMT+0200 (Central European Summer Time)

warning: LF will be replaced by CRLF in assets/fonts/font-awesome.min.css.
The file will have its original line endings in your working directory


----------

Wed May 05 2021 19:49:05 GMT+0200 (Central European Summer Time)

warning: LF will be replaced by CRLF in assets/fonts/fontawesome-webfont.svg.
The file will have its original line endings in your working directory


----------

Wed May 05 2021 19:49:06 GMT+0200 (Central European Summer Time)

warning: LF will be replaced by CRLF in assets/js/bs-init.js.
The file will have its original line endings in your working directory


----------

Wed May 05 2021 19:49:06 GMT+0200 (Central European Summer Time)

warning: LF will be replaced by CRLF in assets/js/jquery.min.js.
The file will have its original line endings in your working directory


----------

Wed May 05 2021 19:49:06 GMT+0200 (Central European Summer Time)

warning: LF will be replaced by CRLF in error.log.
The file will have its original line endings in your working directory


----------

Wed May 05 2021 19:49:10 GMT+0200 (Central European Summer Time)

remote: This repository moved. Please use the new location:        
remote:   git@github.com:rakety/website.git        


----------

Wed May 05 2021 19:49:11 GMT+0200 (Central European Summer Time)

To github.com:rakety/web
   14a44b3..b88d30b  bootstrap-test -> bootstrap-test


----------

Wed May 05 2021 20:00:42 GMT+0200 (Central European Summer Time)

warning: LF will be replaced by CRLF in assets/bootstrap/css/bootstrap.min.css.
The file will have its original line endings in your working directory


----------

Wed May 05 2021 20:00:42 GMT+0200 (Central European Summer Time)

warning: LF will be replaced by CRLF in assets/bootstrap/js/bootstrap.min.js.
The file will have its original line endings in your working directory


----------

Wed May 05 2021 20:00:42 GMT+0200 (Central European Summer Time)

warning: LF will be replaced by CRLF in assets/fonts/Simple-Line-Icons.svg.
The file will have its original line endings in your working directory


----------

Wed May 05 2021 20:00:42 GMT+0200 (Central European Summer Time)

warning: LF will be replaced by CRLF in assets/fonts/font-awesome.min.css.
The file will have its original line endings in your working directory


----------

Wed May 05 2021 20:00:42 GMT+0200 (Central European Summer Time)

warning: LF will be replaced by CRLF in assets/fonts/fontawesome-webfont.svg.
The file will have its original line endings in your working directory


----------

Wed May 05 2021 20:00:42 GMT+0200 (Central European Summer Time)

warning: LF will be replaced by CRLF in assets/js/bs-init.js.
The file will have its original line endings in your working directory


----------

Wed May 05 2021 20:00:42 GMT+0200 (Central European Summer Time)

warning: LF will be replaced by CRLF in assets/js/jquery.min.js.
The file will have its original line endings in your working directory


----------

Wed May 05 2021 20:00:42 GMT+0200 (Central European Summer Time)

warning: LF will be replaced by CRLF in error.log.
The file will have its original line endings in your working directory


----------

Wed May 05 2021 20:00:43 GMT+0200 (Central European Summer Time)

warning: LF will be replaced by CRLF in index.html.
The file will have its original line endings in your working directory


----------

Wed May 05 2021 20:00:46 GMT+0200 (Central European Summer Time)

remote: This repository moved. Please use the new location:        
remote:   git@github.com:rakety/website.git        


----------

Wed May 05 2021 20:00:46 GMT+0200 (Central European Summer Time)

To github.com:rakety/web
   b88d30b..62810b5  bootstrap-test -> bootstrap-test


